Nonterminals useless in grammar

    expr


Terminals unused in grammar

    TK_PR_IF
    TK_PR_THEN
    TK_PR_ELSE
    TK_PR_WHILE
    TK_PR_DO
    TK_PR_INPUT
    TK_PR_OUTPUT
    TK_PR_FOREACH
    TK_PR_FOR
    TK_PR_SWITCH
    TK_PR_CASE
    TK_PR_CLASS
    TK_PR_PRIVATE
    TK_PR_PUBLIC
    TK_PR_PROTECTED
    TK_PR_END
    TK_PR_DEFAULT
    TK_OC_GE
    TK_OC_EQ
    TK_OC_NE
    TK_OC_AND
    TK_OC_OR
    TK_OC_SL
    TK_OC_SR
    TK_OC_FORWARD_PIPE
    TK_OC_BASH_PIPE
    TK_LIT_FALSE
    TK_LIT_TRUE
    TOKEN_ERRO
    '*'
    '/'
    '+'
    '-'


Rules useless in grammar

   46 expr: TK_IDENTIFICADOR
   47     | TK_LIT_INT
   48     | TK_LIT_FLOAT
   49     | '(' expr ')'
   50     | expr '+' expr
   51     | expr '-' expr
   52     | expr '*' expr
   53     | expr '/' expr


Grammar

    0 $accept: program $end

    1 program: %empty
    2        | grammars program

    3 grammars: declaration
    4         | foo_declaration

    5 declaration: TK_PR_STATIC decl ';'
    6            | decl ';'

    7 decl: primitive_type struct list
    8     | TK_PR_STRING struct list
    9     | TK_PR_STRING struct

   10 list: ',' decl

   11 all_types: TK_PR_INT
   12          | TK_PR_FLOAT
   13          | TK_PR_CHAR
   14          | TK_PR_BOOL
   15          | TK_PR_STRING

   16 primitive_type: TK_PR_INT
   17               | TK_PR_FLOAT
   18               | TK_PR_CHAR
   19               | TK_PR_BOOL

   20 struct: TK_IDENTIFICADOR
   21       | TK_IDENTIFICADOR '[' TK_LIT_INT ']'

   22 foo_declaration: TK_PR_STATIC primitive_type TK_IDENTIFICADOR function_list command_block
   23                | primitive_type TK_IDENTIFICADOR function_list command_block

   24 function_list: '(' foo_parameters_list ')'

   25 foo_parameters_list: %empty
   26                    | foo_parameters_argument
   27                    | foo_parameters_argument ',' foo_parameters_list

   28 foo_parameters_argument: TK_PR_CONST primitive_type TK_IDENTIFICADOR
   29                        | primitive_type TK_IDENTIFICADOR

   30 command_block: '{' command_block '}'
   31              | '{' '}'
   32              | local_var_declaration
   33              | TK_PR_RETURN
   34              | TK_PR_BREAK
   35              | TK_PR_CONTINUE

   36 local_var_declaration: TK_PR_STATIC TK_PR_CONST all_types TK_IDENTIFICADOR local_var_initialization ';'
   37                      | TK_PR_STATIC all_types TK_IDENTIFICADOR local_var_initialization ';'
   38                      | TK_PR_CONST all_types TK_IDENTIFICADOR local_var_initialization ';'
   39                      | all_types TK_IDENTIFICADOR local_var_initialization ';'
   40                      | all_types TK_IDENTIFICADOR ';'

   41 local_var_initialization: TK_OC_LE TK_IDENTIFICADOR
   42                         | TK_OC_LE TK_LIT_CHAR
   43                         | TK_OC_LE TK_LIT_STRING
   44                         | TK_OC_LE TK_LIT_FLOAT
   45                         | TK_OC_LE TK_LIT_INT


Terminals, with rules where they appear

    $end (0) 0
    '(' (40) 24
    ')' (41) 24
    '*' (42)
    '+' (43)
    ',' (44) 10 27
    '-' (45)
    '/' (47)
    ';' (59) 5 6 36 37 38 39 40
    '[' (91) 21
    ']' (93) 21
    '{' (123) 30 31
    '}' (125) 30 31
    error (256)
    TK_PR_INT (258) 11 16
    TK_PR_FLOAT (259) 12 17
    TK_PR_BOOL (260) 14 19
    TK_PR_CHAR (261) 13 18
    TK_PR_STRING (262) 8 9 15
    TK_PR_IF (263)
    TK_PR_THEN (264)
    TK_PR_ELSE (265)
    TK_PR_WHILE (266)
    TK_PR_DO (267)
    TK_PR_INPUT (268)
    TK_PR_OUTPUT (269)
    TK_PR_RETURN (270) 33
    TK_PR_CONST (271) 28 36 38
    TK_PR_STATIC (272) 5 22 36 37
    TK_PR_FOREACH (273)
    TK_PR_FOR (274)
    TK_PR_SWITCH (275)
    TK_PR_CASE (276)
    TK_PR_BREAK (277) 34
    TK_PR_CONTINUE (278) 35
    TK_PR_CLASS (279)
    TK_PR_PRIVATE (280)
    TK_PR_PUBLIC (281)
    TK_PR_PROTECTED (282)
    TK_PR_END (283)
    TK_PR_DEFAULT (284)
    TK_OC_LE (285) 41 42 43 44 45
    TK_OC_GE (286)
    TK_OC_EQ (287)
    TK_OC_NE (288)
    TK_OC_AND (289)
    TK_OC_OR (290)
    TK_OC_SL (291)
    TK_OC_SR (292)
    TK_OC_FORWARD_PIPE (293)
    TK_OC_BASH_PIPE (294)
    TK_LIT_INT (295) 21 45
    TK_LIT_FLOAT (296) 44
    TK_LIT_FALSE (297)
    TK_LIT_TRUE (298)
    TK_LIT_CHAR (299) 42
    TK_LIT_STRING (300) 43
    TK_IDENTIFICADOR (301) 20 21 22 23 28 29 36 37 38 39 40 41
    TOKEN_ERRO (302)


Nonterminals, with rules where they appear

    $accept (60)
        on left: 0
    program (61)
        on left: 1 2
        on right: 0 2
    grammars (62)
        on left: 3 4
        on right: 2
    declaration (63)
        on left: 5 6
        on right: 3
    decl (64)
        on left: 7 8 9
        on right: 5 6 10
    list (65)
        on left: 10
        on right: 7 8
    all_types (66)
        on left: 11 12 13 14 15
        on right: 36 37 38 39 40
    primitive_type (67)
        on left: 16 17 18 19
        on right: 7 22 23 28 29
    struct (68)
        on left: 20 21
        on right: 7 8 9
    foo_declaration (69)
        on left: 22 23
        on right: 4
    function_list (70)
        on left: 24
        on right: 22 23
    foo_parameters_list (71)
        on left: 25 26 27
        on right: 24 27
    foo_parameters_argument (72)
        on left: 28 29
        on right: 26 27
    command_block (73)
        on left: 30 31 32 33 34 35
        on right: 22 23 30
    local_var_declaration (74)
        on left: 36 37 38 39 40
        on right: 32
    local_var_initialization (75)
        on left: 41 42 43 44 45
        on right: 36 37 38 39


State 0

    0 $accept: . program $end

    TK_PR_INT     shift, and go to state 1
    TK_PR_FLOAT   shift, and go to state 2
    TK_PR_BOOL    shift, and go to state 3
    TK_PR_CHAR    shift, and go to state 4
    TK_PR_STRING  shift, and go to state 5
    TK_PR_STATIC  shift, and go to state 6

    $default  reduce using rule 1 (program)

    program          go to state 7
    grammars         go to state 8
    declaration      go to state 9
    decl             go to state 10
    primitive_type   go to state 11
    foo_declaration  go to state 12


State 1

   16 primitive_type: TK_PR_INT .

    $default  reduce using rule 16 (primitive_type)


State 2

   17 primitive_type: TK_PR_FLOAT .

    $default  reduce using rule 17 (primitive_type)


State 3

   19 primitive_type: TK_PR_BOOL .

    $default  reduce using rule 19 (primitive_type)


State 4

   18 primitive_type: TK_PR_CHAR .

    $default  reduce using rule 18 (primitive_type)


State 5

    8 decl: TK_PR_STRING . struct list
    9     | TK_PR_STRING . struct

    TK_IDENTIFICADOR  shift, and go to state 13

    struct  go to state 14


State 6

    5 declaration: TK_PR_STATIC . decl ';'
   22 foo_declaration: TK_PR_STATIC . primitive_type TK_IDENTIFICADOR function_list command_block

    TK_PR_INT     shift, and go to state 1
    TK_PR_FLOAT   shift, and go to state 2
    TK_PR_BOOL    shift, and go to state 3
    TK_PR_CHAR    shift, and go to state 4
    TK_PR_STRING  shift, and go to state 5

    decl            go to state 15
    primitive_type  go to state 16


State 7

    0 $accept: program . $end

    $end  shift, and go to state 17


State 8

    2 program: grammars . program

    TK_PR_INT     shift, and go to state 1
    TK_PR_FLOAT   shift, and go to state 2
    TK_PR_BOOL    shift, and go to state 3
    TK_PR_CHAR    shift, and go to state 4
    TK_PR_STRING  shift, and go to state 5
    TK_PR_STATIC  shift, and go to state 6

    $default  reduce using rule 1 (program)

    program          go to state 18
    grammars         go to state 8
    declaration      go to state 9
    decl             go to state 10
    primitive_type   go to state 11
    foo_declaration  go to state 12


State 9

    3 grammars: declaration .

    $default  reduce using rule 3 (grammars)


State 10

    6 declaration: decl . ';'

    ';'  shift, and go to state 19


State 11

    7 decl: primitive_type . struct list
   23 foo_declaration: primitive_type . TK_IDENTIFICADOR function_list command_block

    TK_IDENTIFICADOR  shift, and go to state 20

    struct  go to state 21


State 12

    4 grammars: foo_declaration .

    $default  reduce using rule 4 (grammars)


State 13

   20 struct: TK_IDENTIFICADOR .
   21       | TK_IDENTIFICADOR . '[' TK_LIT_INT ']'

    '['  shift, and go to state 22

    $default  reduce using rule 20 (struct)


State 14

    8 decl: TK_PR_STRING struct . list
    9     | TK_PR_STRING struct .

    ','  shift, and go to state 23

    $default  reduce using rule 9 (decl)

    list  go to state 24


State 15

    5 declaration: TK_PR_STATIC decl . ';'

    ';'  shift, and go to state 25


State 16

    7 decl: primitive_type . struct list
   22 foo_declaration: TK_PR_STATIC primitive_type . TK_IDENTIFICADOR function_list command_block

    TK_IDENTIFICADOR  shift, and go to state 26

    struct  go to state 21


State 17

    0 $accept: program $end .

    $default  accept


State 18

    2 program: grammars program .

    $default  reduce using rule 2 (program)


State 19

    6 declaration: decl ';' .

    $default  reduce using rule 6 (declaration)


State 20

   20 struct: TK_IDENTIFICADOR .
   21       | TK_IDENTIFICADOR . '[' TK_LIT_INT ']'
   23 foo_declaration: primitive_type TK_IDENTIFICADOR . function_list command_block

    '['  shift, and go to state 22
    '('  shift, and go to state 27

    $default  reduce using rule 20 (struct)

    function_list  go to state 28


State 21

    7 decl: primitive_type struct . list

    ','  shift, and go to state 23

    list  go to state 29


State 22

   21 struct: TK_IDENTIFICADOR '[' . TK_LIT_INT ']'

    TK_LIT_INT  shift, and go to state 30


State 23

   10 list: ',' . decl

    TK_PR_INT     shift, and go to state 1
    TK_PR_FLOAT   shift, and go to state 2
    TK_PR_BOOL    shift, and go to state 3
    TK_PR_CHAR    shift, and go to state 4
    TK_PR_STRING  shift, and go to state 5

    decl            go to state 31
    primitive_type  go to state 32


State 24

    8 decl: TK_PR_STRING struct list .

    $default  reduce using rule 8 (decl)


State 25

    5 declaration: TK_PR_STATIC decl ';' .

    $default  reduce using rule 5 (declaration)


State 26

   20 struct: TK_IDENTIFICADOR .
   21       | TK_IDENTIFICADOR . '[' TK_LIT_INT ']'
   22 foo_declaration: TK_PR_STATIC primitive_type TK_IDENTIFICADOR . function_list command_block

    '['  shift, and go to state 22
    '('  shift, and go to state 27

    $default  reduce using rule 20 (struct)

    function_list  go to state 33


State 27

   24 function_list: '(' . foo_parameters_list ')'

    TK_PR_INT    shift, and go to state 1
    TK_PR_FLOAT  shift, and go to state 2
    TK_PR_BOOL   shift, and go to state 3
    TK_PR_CHAR   shift, and go to state 4
    TK_PR_CONST  shift, and go to state 34

    $default  reduce using rule 25 (foo_parameters_list)

    primitive_type           go to state 35
    foo_parameters_list      go to state 36
    foo_parameters_argument  go to state 37


State 28

   23 foo_declaration: primitive_type TK_IDENTIFICADOR function_list . command_block

    TK_PR_INT       shift, and go to state 38
    TK_PR_FLOAT     shift, and go to state 39
    TK_PR_BOOL      shift, and go to state 40
    TK_PR_CHAR      shift, and go to state 41
    TK_PR_STRING    shift, and go to state 42
    TK_PR_RETURN    shift, and go to state 43
    TK_PR_CONST     shift, and go to state 44
    TK_PR_STATIC    shift, and go to state 45
    TK_PR_BREAK     shift, and go to state 46
    TK_PR_CONTINUE  shift, and go to state 47
    '{'             shift, and go to state 48

    all_types              go to state 49
    command_block          go to state 50
    local_var_declaration  go to state 51


State 29

    7 decl: primitive_type struct list .

    $default  reduce using rule 7 (decl)


State 30

   21 struct: TK_IDENTIFICADOR '[' TK_LIT_INT . ']'

    ']'  shift, and go to state 52


State 31

   10 list: ',' decl .

    $default  reduce using rule 10 (list)


State 32

    7 decl: primitive_type . struct list

    TK_IDENTIFICADOR  shift, and go to state 13

    struct  go to state 21


State 33

   22 foo_declaration: TK_PR_STATIC primitive_type TK_IDENTIFICADOR function_list . command_block

    TK_PR_INT       shift, and go to state 38
    TK_PR_FLOAT     shift, and go to state 39
    TK_PR_BOOL      shift, and go to state 40
    TK_PR_CHAR      shift, and go to state 41
    TK_PR_STRING    shift, and go to state 42
    TK_PR_RETURN    shift, and go to state 43
    TK_PR_CONST     shift, and go to state 44
    TK_PR_STATIC    shift, and go to state 45
    TK_PR_BREAK     shift, and go to state 46
    TK_PR_CONTINUE  shift, and go to state 47
    '{'             shift, and go to state 48

    all_types              go to state 49
    command_block          go to state 53
    local_var_declaration  go to state 51


State 34

   28 foo_parameters_argument: TK_PR_CONST . primitive_type TK_IDENTIFICADOR

    TK_PR_INT    shift, and go to state 1
    TK_PR_FLOAT  shift, and go to state 2
    TK_PR_BOOL   shift, and go to state 3
    TK_PR_CHAR   shift, and go to state 4

    primitive_type  go to state 54


State 35

   29 foo_parameters_argument: primitive_type . TK_IDENTIFICADOR

    TK_IDENTIFICADOR  shift, and go to state 55


State 36

   24 function_list: '(' foo_parameters_list . ')'

    ')'  shift, and go to state 56


State 37

   26 foo_parameters_list: foo_parameters_argument .
   27                    | foo_parameters_argument . ',' foo_parameters_list

    ','  shift, and go to state 57

    $default  reduce using rule 26 (foo_parameters_list)


State 38

   11 all_types: TK_PR_INT .

    $default  reduce using rule 11 (all_types)


State 39

   12 all_types: TK_PR_FLOAT .

    $default  reduce using rule 12 (all_types)


State 40

   14 all_types: TK_PR_BOOL .

    $default  reduce using rule 14 (all_types)


State 41

   13 all_types: TK_PR_CHAR .

    $default  reduce using rule 13 (all_types)


State 42

   15 all_types: TK_PR_STRING .

    $default  reduce using rule 15 (all_types)


State 43

   33 command_block: TK_PR_RETURN .

    $default  reduce using rule 33 (command_block)


State 44

   38 local_var_declaration: TK_PR_CONST . all_types TK_IDENTIFICADOR local_var_initialization ';'

    TK_PR_INT     shift, and go to state 38
    TK_PR_FLOAT   shift, and go to state 39
    TK_PR_BOOL    shift, and go to state 40
    TK_PR_CHAR    shift, and go to state 41
    TK_PR_STRING  shift, and go to state 42

    all_types  go to state 58


State 45

   36 local_var_declaration: TK_PR_STATIC . TK_PR_CONST all_types TK_IDENTIFICADOR local_var_initialization ';'
   37                      | TK_PR_STATIC . all_types TK_IDENTIFICADOR local_var_initialization ';'

    TK_PR_INT     shift, and go to state 38
    TK_PR_FLOAT   shift, and go to state 39
    TK_PR_BOOL    shift, and go to state 40
    TK_PR_CHAR    shift, and go to state 41
    TK_PR_STRING  shift, and go to state 42
    TK_PR_CONST   shift, and go to state 59

    all_types  go to state 60


State 46

   34 command_block: TK_PR_BREAK .

    $default  reduce using rule 34 (command_block)


State 47

   35 command_block: TK_PR_CONTINUE .

    $default  reduce using rule 35 (command_block)


State 48

   30 command_block: '{' . command_block '}'
   31              | '{' . '}'

    TK_PR_INT       shift, and go to state 38
    TK_PR_FLOAT     shift, and go to state 39
    TK_PR_BOOL      shift, and go to state 40
    TK_PR_CHAR      shift, and go to state 41
    TK_PR_STRING    shift, and go to state 42
    TK_PR_RETURN    shift, and go to state 43
    TK_PR_CONST     shift, and go to state 44
    TK_PR_STATIC    shift, and go to state 45
    TK_PR_BREAK     shift, and go to state 46
    TK_PR_CONTINUE  shift, and go to state 47
    '{'             shift, and go to state 48
    '}'             shift, and go to state 61

    all_types              go to state 49
    command_block          go to state 62
    local_var_declaration  go to state 51


State 49

   39 local_var_declaration: all_types . TK_IDENTIFICADOR local_var_initialization ';'
   40                      | all_types . TK_IDENTIFICADOR ';'

    TK_IDENTIFICADOR  shift, and go to state 63


State 50

   23 foo_declaration: primitive_type TK_IDENTIFICADOR function_list command_block .

    $default  reduce using rule 23 (foo_declaration)


State 51

   32 command_block: local_var_declaration .

    $default  reduce using rule 32 (command_block)


State 52

   21 struct: TK_IDENTIFICADOR '[' TK_LIT_INT ']' .

    $default  reduce using rule 21 (struct)


State 53

   22 foo_declaration: TK_PR_STATIC primitive_type TK_IDENTIFICADOR function_list command_block .

    $default  reduce using rule 22 (foo_declaration)


State 54

   28 foo_parameters_argument: TK_PR_CONST primitive_type . TK_IDENTIFICADOR

    TK_IDENTIFICADOR  shift, and go to state 64


State 55

   29 foo_parameters_argument: primitive_type TK_IDENTIFICADOR .

    $default  reduce using rule 29 (foo_parameters_argument)


State 56

   24 function_list: '(' foo_parameters_list ')' .

    $default  reduce using rule 24 (function_list)


State 57

   27 foo_parameters_list: foo_parameters_argument ',' . foo_parameters_list

    TK_PR_INT    shift, and go to state 1
    TK_PR_FLOAT  shift, and go to state 2
    TK_PR_BOOL   shift, and go to state 3
    TK_PR_CHAR   shift, and go to state 4
    TK_PR_CONST  shift, and go to state 34

    $default  reduce using rule 25 (foo_parameters_list)

    primitive_type           go to state 35
    foo_parameters_list      go to state 65
    foo_parameters_argument  go to state 37


State 58

   38 local_var_declaration: TK_PR_CONST all_types . TK_IDENTIFICADOR local_var_initialization ';'

    TK_IDENTIFICADOR  shift, and go to state 66


State 59

   36 local_var_declaration: TK_PR_STATIC TK_PR_CONST . all_types TK_IDENTIFICADOR local_var_initialization ';'

    TK_PR_INT     shift, and go to state 38
    TK_PR_FLOAT   shift, and go to state 39
    TK_PR_BOOL    shift, and go to state 40
    TK_PR_CHAR    shift, and go to state 41
    TK_PR_STRING  shift, and go to state 42

    all_types  go to state 67


State 60

   37 local_var_declaration: TK_PR_STATIC all_types . TK_IDENTIFICADOR local_var_initialization ';'

    TK_IDENTIFICADOR  shift, and go to state 68


State 61

   31 command_block: '{' '}' .

    $default  reduce using rule 31 (command_block)


State 62

   30 command_block: '{' command_block . '}'

    '}'  shift, and go to state 69


State 63

   39 local_var_declaration: all_types TK_IDENTIFICADOR . local_var_initialization ';'
   40                      | all_types TK_IDENTIFICADOR . ';'

    TK_OC_LE  shift, and go to state 70
    ';'       shift, and go to state 71

    local_var_initialization  go to state 72


State 64

   28 foo_parameters_argument: TK_PR_CONST primitive_type TK_IDENTIFICADOR .

    $default  reduce using rule 28 (foo_parameters_argument)


State 65

   27 foo_parameters_list: foo_parameters_argument ',' foo_parameters_list .

    $default  reduce using rule 27 (foo_parameters_list)


State 66

   38 local_var_declaration: TK_PR_CONST all_types TK_IDENTIFICADOR . local_var_initialization ';'

    TK_OC_LE  shift, and go to state 70

    local_var_initialization  go to state 73


State 67

   36 local_var_declaration: TK_PR_STATIC TK_PR_CONST all_types . TK_IDENTIFICADOR local_var_initialization ';'

    TK_IDENTIFICADOR  shift, and go to state 74


State 68

   37 local_var_declaration: TK_PR_STATIC all_types TK_IDENTIFICADOR . local_var_initialization ';'

    TK_OC_LE  shift, and go to state 70

    local_var_initialization  go to state 75


State 69

   30 command_block: '{' command_block '}' .

    $default  reduce using rule 30 (command_block)


State 70

   41 local_var_initialization: TK_OC_LE . TK_IDENTIFICADOR
   42                         | TK_OC_LE . TK_LIT_CHAR
   43                         | TK_OC_LE . TK_LIT_STRING
   44                         | TK_OC_LE . TK_LIT_FLOAT
   45                         | TK_OC_LE . TK_LIT_INT

    TK_LIT_INT        shift, and go to state 76
    TK_LIT_FLOAT      shift, and go to state 77
    TK_LIT_CHAR       shift, and go to state 78
    TK_LIT_STRING     shift, and go to state 79
    TK_IDENTIFICADOR  shift, and go to state 80


State 71

   40 local_var_declaration: all_types TK_IDENTIFICADOR ';' .

    $default  reduce using rule 40 (local_var_declaration)


State 72

   39 local_var_declaration: all_types TK_IDENTIFICADOR local_var_initialization . ';'

    ';'  shift, and go to state 81


State 73

   38 local_var_declaration: TK_PR_CONST all_types TK_IDENTIFICADOR local_var_initialization . ';'

    ';'  shift, and go to state 82


State 74

   36 local_var_declaration: TK_PR_STATIC TK_PR_CONST all_types TK_IDENTIFICADOR . local_var_initialization ';'

    TK_OC_LE  shift, and go to state 70

    local_var_initialization  go to state 83


State 75

   37 local_var_declaration: TK_PR_STATIC all_types TK_IDENTIFICADOR local_var_initialization . ';'

    ';'  shift, and go to state 84


State 76

   45 local_var_initialization: TK_OC_LE TK_LIT_INT .

    $default  reduce using rule 45 (local_var_initialization)


State 77

   44 local_var_initialization: TK_OC_LE TK_LIT_FLOAT .

    $default  reduce using rule 44 (local_var_initialization)


State 78

   42 local_var_initialization: TK_OC_LE TK_LIT_CHAR .

    $default  reduce using rule 42 (local_var_initialization)


State 79

   43 local_var_initialization: TK_OC_LE TK_LIT_STRING .

    $default  reduce using rule 43 (local_var_initialization)


State 80

   41 local_var_initialization: TK_OC_LE TK_IDENTIFICADOR .

    $default  reduce using rule 41 (local_var_initialization)


State 81

   39 local_var_declaration: all_types TK_IDENTIFICADOR local_var_initialization ';' .

    $default  reduce using rule 39 (local_var_declaration)


State 82

   38 local_var_declaration: TK_PR_CONST all_types TK_IDENTIFICADOR local_var_initialization ';' .

    $default  reduce using rule 38 (local_var_declaration)


State 83

   36 local_var_declaration: TK_PR_STATIC TK_PR_CONST all_types TK_IDENTIFICADOR local_var_initialization . ';'

    ';'  shift, and go to state 85


State 84

   37 local_var_declaration: TK_PR_STATIC all_types TK_IDENTIFICADOR local_var_initialization ';' .

    $default  reduce using rule 37 (local_var_declaration)


State 85

   36 local_var_declaration: TK_PR_STATIC TK_PR_CONST all_types TK_IDENTIFICADOR local_var_initialization ';' .

    $default  reduce using rule 36 (local_var_declaration)
