poi01



poi02



poi03



poi04
ERR_UNDECLARED
//ERR_UNDECLARED



poi05
ERR_UNDECLARED
//ERR_UNDECLARED



poi06
ERR_UNDECLARED
//ERR_UNDECLARED



poi07
//ERR_DECLARED



poi08
Semantical error line 6, column 6 : ERR_DECLARED
//ERR_DECLARED



poi09
//ERR_DECLARED



poi10
Semantical error line 9, column 4 : ERR_DECLARED
//ERR_DECLARED



poi11



poi12
Semantical error line 6, column 2 : ERR_VARIABLE
//ERR_VARIABLE



poi13
Semantical error line 7, column 2 : ERR_VECTOR
//ERR_VECTOR



poi14
Semantical error line 12, column 2 : ERR_FUNCTION
//ERR_FUNCTION



poi15



poi16



poi17
Semantical error line 6, columns 2 :  ERR_STRING_TO_X
//ERR_STRING_TO_X



poi18
Semantical error line 6, columns 2 :  ERR_CHAR_TO_X
//ERR_CHAR_TO_X



poi19
//ERR_USER_TO_X



poi20
//ERR_USER_TO_X



poi21
Semantical error line 0, columns 0 :  ERR_CHAR_TO_X
//ERR_CHAR_TO_X



poi22
Semantical error line 0, columns 0 :  ERR_STRING_TO_X
//ERR_STRING_TO_X



poi23
//ERR_USER_TO_X



poi24



poi25
Semantical error line 9, column 2 : ERR_MISSING_ARGS
//ERR_MISSING_ARGS



poi26
Semantical error line 9, column 2 : ERR_EXCESS_ARGS
//ERR_EXCESS_ARGS



poi27
Semantical error line 9, columns 4 : ERR_WRONG_TYPE_ARGS
//ERR_WRONG_TYPE_ARGS



poi28
Semantical error line 4, column 6 : ERR_DECLARED
//ERR_DECLARED



poi29



poi30



poi31



poi32



poi33



poi34



poi35
Semantical error line 6, column 8 : ERR_WRONG_PAR_INPUT
//ERR_WRONG_PAR_INPUT



poi36
Semantical error line 6, column 8 : ERR_WRONG_PAR_INPUT
//ERR_WRONG_PAR_INPUT



poi37
Semantical error line 6, column 8 : ERR_WRONG_PAR_INPUT
//ERR_WRONG_PAR_INPUT



poi38
Semantical error line 6, column 8 : ERR_WRONG_PAR_INPUT
//ERR_WRONG_PAR_INPUT



poi39
Semantical error line 6, column 8 : ERR_WRONG_PAR_INPUT
//ERR_WRONG_PAR_INPUT



poi40
Semantical error line 6, column 8 : ERR_WRONG_PAR_INPUT
//ERR_WRONG_PAR_INPUT



poi41



poi42
Semantical error line 6, column 9 : ERR_WRONG_PAR_OUTPUT
//ERR_WRONG_PAR_OUTPUT



poi43



poi44



poi45



poi46
Semantical error line 6, column 29 : ERR_FUNCTION
//ERR_FUNCTION



poi47



poi48



poi49



poi50
Semantical error line 0, columns 0 : ERR_WRONG_PAR_RETURN
//ERR_WRONG_PAR_RETURN



poi51



